<?xml version="1.0" encoding="UTF-8" ?>
<testsuite errors="0" failures="1" hostname="DESKTOP-F2H886T" name="ch.actifsource.example.unittest.model.test.AllTests" skipped="0" tests="1" time="0.165" timestamp="2023-12-11T15:08:01">
  <properties>
    <property name="java.vendor" value="Oracle Corporation" />
    <property name="env.USERDOMAIN_ROAMINGPROFILE" value="DESKTOP-F2H886T" />
    <property name="sun.java.launcher" value="SUN_STANDARD" />
    <property name="eclipse.pdebuild.templates" value="D:\Eclipse\eclipse-rcp-oxygen-3a-win32-x86_64\eclipse\plugins\org.eclipse.pde.build_3.9.300.v20170515-0912\templates" />
    <property name="sun.management.compiler" value="HotSpot 64-Bit Tiered Compilers" />
    <property name="env.PROMPT" value="$P$G" />
    <property name="env.DriverData" value="C:\Windows\System32\Drivers\DriverData" />
    <property name="os.name" value="Windows 10" />
    <property name="sun.boot.class.path" value="C:\Program Files\Java\jdk1.8.0_191\jre\lib\resources.jar;C:\Program Files\Java\jdk1.8.0_191\jre\lib\rt.jar;C:\Program Files\Java\jdk1.8.0_191\jre\lib\sunrsasign.jar;C:\Program Files\Java\jdk1.8.0_191\jre\lib\jsse.jar;C:\Program Files\Java\jdk1.8.0_191\jre\lib\jce.jar;C:\Program Files\Java\jdk1.8.0_191\jre\lib\charsets.jar;C:\Program Files\Java\jdk1.8.0_191\jre\lib\jfr.jar;C:\Program Files\Java\jdk1.8.0_191\jre\classes" />
    <property name="env.COMPUTERNAME" value="DESKTOP-F2H886T" />
    <property name="env.CommonProgramW6432" value="C:\Program Files\Common Files" />
    <property name="env.ALLUSERSPROFILE" value="C:\ProgramData" />
    <property name="sun.desktop" value="windows" />
    <property name="java.vm.specification.vendor" value="Oracle Corporation" />
    <property name="ant.home" value="D:\Eclipse\eclipse-rcp-oxygen-3a-win32-x86_64\eclipse\plugins\org.apache.ant_1.10.1.v20170504-0840" />
    <property name="java.runtime.version" value="1.8.0_191-b12" />
    <property name="ant.file.type.ch.actifsource.example.unittest.model.test" value="file" />
    <property name="env.HOMEPATH" value="\Users\ruti" />
    <property name="env.VXIPNPPATH64" value="C:\Program Files\IVI Foundation\VISA\" />
    <property name="user.name" value="ruti" />
    <property name="env.NIEXTCCOMPILERSUPP" value="C:\Program Files (x86)\National Instruments\Shared\ExternalCompilerSupport\C\" />
    <property name="user.language" value="de" />
    <property name="env.OneDriveCommercial" value="C:\Users\ruti\OneDrive - Actifsource AG" />
    <property name="sun.boot.library.path" value="C:\Program Files\Java\jdk1.8.0_191\jre\bin" />
    <property name="ant.project.default-target" value="build" />
    <property name="ant.project.name" value="ch.actifsource.example.unittest.model.test" />
    <property name="java.version" value="1.8.0_191" />
    <property name="env.PROCESSOR_IDENTIFIER" value="Intel64 Family 6 Model 94 Stepping 3, GenuineIntel" />
    <property name="user.timezone" value="" />
    <property name="env.TEMP" value="C:\Users\ruti\AppData\Local\Temp" />
    <property name="sun.arch.data.model" value="64" />
    <property name="java.endorsed.dirs" value="C:\Program Files\Java\jdk1.8.0_191\jre\lib\endorsed" />
    <property name="sun.cpu.isalist" value="amd64" />
    <property name="env.HOMEDRIVE" value="C:" />
    <property name="sun.jnu.encoding" value="Cp1252" />
    <property name="file.encoding.pkg" value="sun.io" />
    <property name="ECLIPSE_HOME" value="../../../../../eclipse-rcp-oxygen-3a-win32-x86_64/eclipse/" />
    <property name="file.separator" value="\" />
    <property name="java.specification.name" value="Java Platform API Specification" />
    <property name="java.class.version" value="52.0" />
    <property name="user.country" value="CH" />
    <property name="java.home" value="C:\Program Files\Java\jdk1.8.0_191\jre" />
    <property name="env.PSModulePath" value="C:\Program Files\WindowsPowerShell\Modules;C:\WINDOWS\system32\WindowsPowerShell\v1.0\Modules" />
    <property name="env.APPDATA" value="C:\Users\ruti\AppData\Roaming" />
    <property name="env.PUBLIC" value="C:\Users\Public" />
    <property name="java.vm.info" value="mixed mode" />
    <property name="env.ComSpec" value="C:\WINDOWS\system32\cmd.exe" />
    <property name="env.OS" value="Windows_NT" />
    <property name="env.CommonProgramFiles" value="C:\Program Files\Common Files" />
    <property name="ant.file" value="D:\Eclipse\WORKBENCH\WORKBENCH_GITHUB\ch.actifsource.example.maven\ch.actifsource.example.maven.unittest\ch.actifsource.example.unittest.model.test\buildddddfffffff.xml" />
    <property name="os.version" value="10.0" />
    <property name="env.ProgramW6432" value="C:\Program Files" />
    <property name="path.separator" value=";" />
    <property name="java.vm.version" value="25.191-b12" />
    <property name="user.variant" value="" />
    <property name="env.USERPROFILE" value="C:\Users\ruti" />
    <property name="ant.library.dir" value="D:\Eclipse\eclipse-rcp-oxygen-3a-win32-x86_64\eclipse\plugins\org.apache.ant_1.10.1.v20170504-0840\lib" />
    <property name="junit.output.dir" value="junit" />
    <property name="env.JAVA_HOME" value="C:\Program Files\Java\jdk-11.0.19" />
    <property name="java.awt.printerjob" value="sun.awt.windows.WPrinterJob" />
    <property name="env.TMP" value="C:\Users\ruti\AppData\Local\Temp" />
    <property name="env.FPS_BROWSER_USER_PROFILE_STRING" value="Default" />
    <property name="sun.io.unicode.encoding" value="UnicodeLittle" />
    <property name="awt.toolkit" value="sun.awt.windows.WToolkit" />
    <property name="user.script" value="" />
    <property name="eclipse.pdebuild.scripts" value="D:\Eclipse\eclipse-rcp-oxygen-3a-win32-x86_64\eclipse\plugins\org.eclipse.pde.build_3.9.300.v20170515-0912\scripts" />
    <property name="user.home" value="C:\Users\ruti" />
    <property name="target" value="1.7" />
    <property name="env.ProgramData" value="C:\ProgramData" />
    <property name="env.SESSIONNAME" value="Console" />
    <property name="env.ProgramFiles(x86)" value="C:\Program Files (x86)" />
    <property name="java.specification.vendor" value="Oracle Corporation" />
    <property name="java.vendor.url" value="http://java.oracle.com/" />
    <property name="env.NUMBER_OF_PROCESSORS" value="8" />
    <property name="java.library.path" value="C:\Program Files\Java\jdk1.8.0_191\jre\bin;C:\WINDOWS\Sun\Java\bin;C:\WINDOWS\system32;C:\WINDOWS;D:/Eclipse/eclipse-rcp-oxygen-3a-win32-x86_64/eclipse/jre/bin/j9vm;D:/Eclipse/eclipse-rcp-oxygen-3a-win32-x86_64/eclipse/jre/bin;D:/Eclipse/eclipse-rcp-oxygen-3a-win32-x86_64/eclipse/jre/lib/amd64;C:\Program Files (x86)\Kerio\Outlook Connector (Offline Edition)\;C:\Program Files\Java\jdk-11.0.19\bin;C:\WINDOWS\system32;C:\WINDOWS;C:\WINDOWS\System32\Wbem;C:\WINDOWS\System32\WindowsPowerShell\v1.0\;C:\WINDOWS\System32\OpenSSH\;C:\Program Files\TortoiseSVN\bin;C:\Program Files\TortoiseGit\bin;C:\Program Files (x86)\GitExtensions\;C:\Program Files (x86)\IVI Foundation\VISA\WinNT\Bin\;C:\Program Files\IVI Foundation\VISA\Win64\Bin\;C:\Program Files (x86)\IVI Foundation\VISA\WinNT\Bin;C:\Program Files\nodejs\;C:\Program Files\Git\cmd;C:\Program Files\maven\apache-maven-3.9.2\bin;C:\Users\ruti\AppData\Local\Microsoft\WindowsApps;C:\Program Files\Java\jdk-11.0.19\bin;C:\Program Files (x86)\Graphviz2.34\bin;C:\MinGW\bin;C:\Hugo\bin;C:\Users\ruti\AppData\Roaming\npm;C:\Users\ruti\AppData\Local\Programs\Microsoft VS Code\bin;C:\Users\ruti\AppData\Local\Programs\Python\Python311;C:\Users\ruti\AppData\Local\Programs\Python\Python311\Scripts;;D:\Eclipse\eclipse-rcp-oxygen-3a-win32-x86_64\eclipse;;." />
    <property name="java.vm.vendor" value="Oracle Corporation" />
    <property name="env.VXIPNPPATH" value="C:\Program Files (x86)\IVI Foundation\VISA\" />
    <property name="env.NIDAQmxSwitchDir" value="C:\Program Files (x86)\National Instruments\NI-DAQ\Switch\" />
    <property name="env.TOOL_MY_IAR_COMPILER" value="C:\Program Files (x86)\IAR Systems\Embedded Workbench 8.4_3\common\bin" />
    <property name="ant.file.ch.actifsource.example.unittest.model.test" value="D:\Eclipse\WORKBENCH\WORKBENCH_GITHUB\ch.actifsource.example.maven\ch.actifsource.example.maven.unittest\ch.actifsource.example.unittest.model.test\buildddddfffffff.xml" />
    <property name="java.runtime.name" value="Java(TM) SE Runtime Environment" />
    <property name="ant.version" value="Apache Ant(TM) version 1.10.1 compiled on February 2 2017" />
    <property name="java.class.path" value="D:\Eclipse\eclipse-rcp-oxygen-3a-win32-x86_64\eclipse\plugins\ch.actifsource.core_11.4.0.202311221230.jar;D:\Eclipse\eclipse-rcp-oxygen-3a-win32-x86_64\eclipse\plugins\ch.actifsource.libs_external_11.4.0.202311221230\libs\jug.jar;D:\Eclipse\eclipse-rcp-oxygen-3a-win32-x86_64\eclipse\plugins\ch.actifsource.libs_external_11.4.0.202311221230\libs\logging-1.0.3.jar;D:\Eclipse\eclipse-rcp-oxygen-3a-win32-x86_64\eclipse\plugins\ch.actifsource.libs_external_11.4.0.202311221230\libs\ant-contrib-1.0b3.jar;D:\Eclipse\eclipse-rcp-oxygen-3a-win32-x86_64\eclipse\plugins\ch.actifsource.libs_external_11.4.0.202311221230\libs\objenesis-1.0.jar;D:\Eclipse\eclipse-rcp-oxygen-3a-win32-x86_64\eclipse\plugins\ch.actifsource.libs_external_11.4.0.202311221230\libs\jsr305.jar;D:\Eclipse\eclipse-rcp-oxygen-3a-win32-x86_64\eclipse\plugins\ch.actifsource.libs_external_11.4.0.202311221230\libs\xercesImpl.jar;D:\Eclipse\eclipse-rcp-oxygen-3a-win32-x86_64\eclipse\plugins\ch.actifsource.libs_external_11.4.0.202311221230\libs\jdom.jar;D:\Eclipse\eclipse-rcp-oxygen-3a-win32-x86_64\eclipse\plugins\ch.actifsource.libs_external_11.4.0.202311221230\libs\annotations.jar;D:\Eclipse\eclipse-rcp-oxygen-3a-win32-x86_64\eclipse\plugins\ch.actifsource.libs_external_11.4.0.202311221230\libs\bcprov-jdk16-145.jar;D:\Eclipse\eclipse-rcp-oxygen-3a-win32-x86_64\eclipse\plugins\ch.actifsource.libs_external_11.4.0.202311221230\libs\commons-collections-3.2.1.jar;D:\Eclipse\eclipse-rcp-oxygen-3a-win32-x86_64\eclipse\plugins\ch.actifsource.util_11.4.0.202311221230.jar;D:\Eclipse\eclipse-rcp-oxygen-3a-win32-x86_64\eclipse\plugins\ch.actifsource.core.testutil_11.4.0.202311221230.jar;D:\Eclipse\eclipse-rcp-oxygen-3a-win32-x86_64\eclipse\plugins\ch.actifsource.testutil_11.4.0.202311221230\libs\easymock-3.1.jar;D:\Eclipse\eclipse-rcp-oxygen-3a-win32-x86_64\eclipse\plugins\ch.actifsource.testutil_11.4.0.202311221230;D:\Eclipse\eclipse-rcp-oxygen-3a-win32-x86_64\eclipse\plugins\ch.actifsource.testutil_11.4.0.202311221230\libs\cglib-2.2.jar;D:\Eclipse\eclipse-rcp-oxygen-3a-win32-x86_64\eclipse\plugins\ch.actifsource.testutil_11.4.0.202311221230\libs\objenesis-1.2.jar;D:\Eclipse\eclipse-rcp-oxygen-3a-win32-x86_64\eclipse\plugins\org.junit_4.12.0.v201504281640\junit.jar;D:\Eclipse\eclipse-rcp-oxygen-3a-win32-x86_64\eclipse\plugins\org.hamcrest.core_1.3.0.v201303031735.jar;D:\Eclipse\eclipse-rcp-oxygen-3a-win32-x86_64\eclipse\plugins\ch.actifsource.ui.junit_11.4.0.202311221230.jar;D:\Eclipse\eclipse-rcp-oxygen-3a-win32-x86_64\eclipse\plugins\ch.actifsource.platform_11.4.0.202311221230.jar;D:\Eclipse\eclipse-rcp-oxygen-3a-win32-x86_64\eclipse\plugins\org.eclipse.core.runtime_3.13.0.v20170207-1030.jar;D:\Eclipse\eclipse-rcp-oxygen-3a-win32-x86_64\eclipse\plugins\javax.inject_1.0.0.v20091030.jar;D:\Eclipse\eclipse-rcp-oxygen-3a-win32-x86_64\eclipse\plugins\org.eclipse.osgi_3.12.100.v20180210-1608.jar;D:\Eclipse\eclipse-rcp-oxygen-3a-win32-x86_64\eclipse\plugins\org.eclipse.osgi.compatibility.state_1.1.0.v20170516-1513.jar;D:\Eclipse\eclipse-rcp-oxygen-3a-win32-x86_64\eclipse\plugins\org.eclipse.equinox.common_3.9.0.v20170207-1454.jar;D:\Eclipse\eclipse-rcp-oxygen-3a-win32-x86_64\eclipse\plugins\org.eclipse.core.jobs_3.9.3.v20180115-1757.jar;D:\Eclipse\eclipse-rcp-oxygen-3a-win32-x86_64\eclipse\plugins\org.eclipse.equinox.registry_3.7.0.v20170222-1344.jar;D:\Eclipse\eclipse-rcp-oxygen-3a-win32-x86_64\eclipse\plugins\org.eclipse.equinox.preferences_3.7.0.v20170126-2132.jar;D:\Eclipse\eclipse-rcp-oxygen-3a-win32-x86_64\eclipse\plugins\org.eclipse.core.contenttype_3.6.0.v20170207-1037.jar;D:\Eclipse\eclipse-rcp-oxygen-3a-win32-x86_64\eclipse\plugins\org.eclipse.equinox.app_1.3.400.v20150715-1528.jar;D:\Eclipse\eclipse-rcp-oxygen-3a-win32-x86_64\eclipse\plugins\ch.actifsource.generator_11.4.0.202311221230.jar;D:\Eclipse\eclipse-rcp-oxygen-3a-win32-x86_64\eclipse\plugins\ch.actifsource.ant_11.4.0.202311221230;D:\Eclipse\eclipse-rcp-oxygen-3a-win32-x86_64\eclipse\plugins\ch.actifsource.codesnippet.metamodel_11.4.0.202311221230.jar;D:\Eclipse\eclipse-rcp-oxygen-3a-win32-x86_64\eclipse\plugins\ch.actifsource.transientresource_11.4.0.202311221230.jar;D:\Eclipse\eclipse-rcp-oxygen-3a-win32-x86_64\eclipse\plugins\org.eclipse.swt_3.106.3.v20180329-0507.jar;D:\Eclipse\eclipse-rcp-oxygen-3a-win32-x86_64\eclipse\plugins\org.eclipse.swt.win32.win32.x86_64_3.106.3.v20180329-0507.jar;D:\Eclipse\eclipse-rcp-oxygen-3a-win32-x86_64\eclipse\plugins\ch.actifsource.ui.diagram_11.4.0.202311221230.jar;D:\Eclipse\eclipse-rcp-oxygen-3a-win32-x86_64\eclipse\plugins\ch.actifsource.environment_11.4.0.202311221230.jar;D:\Eclipse\eclipse-rcp-oxygen-3a-win32-x86_64\eclipse\plugins\ch.actifsource.environment.resourcescope_11.4.0.202311221230.jar;D:\Eclipse\eclipse-rcp-oxygen-3a-win32-x86_64\eclipse\plugins\ch.actifsource.eclipse.util_11.4.0.202311221230.jar;D:\Eclipse\eclipse-rcp-oxygen-3a-win32-x86_64\eclipse\plugins\ch.actifsource.ui.widget_11.4.0.202311221230.jar;D:\Eclipse\eclipse-rcp-oxygen-3a-win32-x86_64\eclipse\plugins\ch.actifsource.codesnippet_11.4.0.202311221230;D:\Eclipse\eclipse-rcp-oxygen-3a-win32-x86_64\eclipse\plugins\ch.actifsource.codesnippet_11.4.0.202311221230\lib\antlr-4.2-complete.jar;D:\Eclipse\eclipse-rcp-oxygen-3a-win32-x86_64\eclipse\plugins\org.eclipse.gef_3.11.0.201606061308.jar;D:\Eclipse\eclipse-rcp-oxygen-3a-win32-x86_64\eclipse\plugins\org.eclipse.draw2d_3.10.100.201606061308.jar;D:\Eclipse\eclipse-rcp-oxygen-3a-win32-x86_64\eclipse\plugins\ch.actifsource.diagram_11.4.0.202311221230.jar;D:\Eclipse\WORKBENCH\WORKBENCH_GITHUB\ch.actifsource.example.maven\ch.actifsource.example.maven.unittest\ch.actifsource.example.unittest.model.test\bin;D:\Eclipse\eclipse-rcp-oxygen-3a-win32-x86_64\eclipse\plugins\org.apache.ant_1.10.1.v20170504-0840\lib\ant-launcher.jar;D:\Eclipse\eclipse-rcp-oxygen-3a-win32-x86_64\eclipse\plugins\org.apache.ant_1.10.1.v20170504-0840\lib\ant.jar;D:\Eclipse\eclipse-rcp-oxygen-3a-win32-x86_64\eclipse\plugins\org.apache.ant_1.10.1.v20170504-0840\lib\ant-junit.jar;D:\Eclipse\eclipse-rcp-oxygen-3a-win32-x86_64\eclipse\plugins\org.apache.ant_1.10.1.v20170504-0840\lib\ant-junit4.jar" />
    <property name="sun.java.command" value="org.apache.tools.ant.taskdefs.optional.junit.JUnitTestRunner ch.actifsource.example.unittest.model.test.AllTests skipNonTests=false filtertrace=true haltOnError=false haltOnFailure=false formatter=org.apache.tools.ant.taskdefs.optional.junit.OutErrSummaryJUnitResultFormatter showoutput=false outputtoformatters=true logfailedtests=true threadid=0 logtestlistenerevents=false formatter=org.apache.tools.ant.taskdefs.optional.junit.XMLJUnitResultFormatter,D:\Eclipse\WORKBENCH\WORKBENCH_GITHUB\ch.actifsource.example.maven\ch.actifsource.example.maven.unittest\ch.actifsource.example.unittest.model.test\junit\TEST-ch.actifsource.example.unittest.model.test.AllTests.xml crashfile=D:\Eclipse\WORKBENCH\WORKBENCH_GITHUB\ch.actifsource.example.maven\ch.actifsource.example.maven.unittest\ch.actifsource.example.unittest.model.test\junitvmwatcher1560199035061134420.properties propsfile=D:\Eclipse\WORKBENCH\WORKBENCH_GITHUB\ch.actifsource.example.maven\ch.actifsource.example.maven.unittest\ch.actifsource.example.unittest.model.test\junit7073784578276086234.properties" />
    <property name="java.vm.specification.name" value="Java Virtual Machine Specification" />
    <property name="env.windir" value="C:\WINDOWS" />
    <property name="env.LOGONSERVER" value="\\DESKTOP-F2H886T" />
    <property name="env.PROCESSOR_ARCHITECTURE" value="AMD64" />
    <property name="java.vm.specification.version" value="1.8" />
    <property name="sun.os.patch.level" value="" />
    <property name="sun.cpu.endian" value="little" />
    <property name="debuglevel" value="source,lines,vars" />
    <property name="env.OneDrive" value="C:\Users\ruti\OneDrive - Actifsource AG" />
    <property name="env.ProgramFiles" value="C:\Program Files" />
    <property name="env.ANT_HOME" value="D:\Eclipse\eclipse-rcp-oxygen-3a-win32-x86_64\eclipse\plugins\org.apache.ant_1.10.1.v20170504-0840" />
    <property name="env.PROCESSOR_REVISION" value="5e03" />
    <property name="eclipse.pdebuild.home" value="D:\Eclipse\eclipse-rcp-oxygen-3a-win32-x86_64\eclipse\plugins\org.eclipse.pde.build_3.9.300.v20170515-0912\." />
    <property name="java.io.tmpdir" value="C:\Users\ruti\AppData\Local\Temp\" />
    <property name="env.CommonProgramFiles(x86)" value="C:\Program Files (x86)\Common Files" />
    <property name="java.vendor.url.bug" value="http://bugreport.sun.com/bugreport/" />
    <property name="env.OneDriveConsumer" value="C:\Users\ruti\OneDrive" />
    <property name="env.SystemRoot" value="C:\WINDOWS" />
    <property name="env.FPS_BROWSER_APP_PROFILE_STRING" value="Internet Explorer" />
    <property name="java.awt.graphicsenv" value="sun.awt.Win32GraphicsEnvironment" />
    <property name="os.arch" value="amd64" />
    <property name="java.ext.dirs" value="C:\Program Files\Java\jdk1.8.0_191\jre\lib\ext;C:\WINDOWS\Sun\Java\lib\ext" />
    <property name="env.LOCALAPPDATA" value="C:\Users\ruti\AppData\Local" />
    <property name="user.dir" value="D:\Eclipse\WORKBENCH\WORKBENCH_GITHUB\ch.actifsource.example.maven\ch.actifsource.example.maven.unittest\ch.actifsource.example.unittest.model.test" />
    <property name="line.separator" value="&#xd;&#xa;" />
    <property name="java.vm.name" value="Java HotSpot(TM) 64-Bit Server VM" />
    <property name="env.PATHEXT" value=".COM;.EXE;.BAT;.CMD;.VBS;.VBE;.JS;.JSE;.WSF;.WSH;.MSC" />
    <property name="env.Path" value="D:/Eclipse/eclipse-rcp-oxygen-3a-win32-x86_64/eclipse/jre/bin/j9vm;D:/Eclipse/eclipse-rcp-oxygen-3a-win32-x86_64/eclipse/jre/bin;D:/Eclipse/eclipse-rcp-oxygen-3a-win32-x86_64/eclipse/jre/lib/amd64;C:\Program Files (x86)\Kerio\Outlook Connector (Offline Edition)\;C:\Program Files\Java\jdk-11.0.19\bin;C:\WINDOWS\system32;C:\WINDOWS;C:\WINDOWS\System32\Wbem;C:\WINDOWS\System32\WindowsPowerShell\v1.0\;C:\WINDOWS\System32\OpenSSH\;C:\Program Files\TortoiseSVN\bin;C:\Program Files\TortoiseGit\bin;C:\Program Files (x86)\GitExtensions\;C:\Program Files (x86)\IVI Foundation\VISA\WinNT\Bin\;C:\Program Files\IVI Foundation\VISA\Win64\Bin\;C:\Program Files (x86)\IVI Foundation\VISA\WinNT\Bin;C:\Program Files\nodejs\;C:\Program Files\Git\cmd;C:\Program Files\maven\apache-maven-3.9.2\bin;C:\Users\ruti\AppData\Local\Microsoft\WindowsApps;C:\Program Files\Java\jdk-11.0.19\bin;C:\Program Files (x86)\Graphviz2.34\bin;C:\MinGW\bin;C:\Hugo\bin;C:\Users\ruti\AppData\Roaming\npm;C:\Users\ruti\AppData\Local\Programs\Microsoft VS Code\bin;C:\Users\ruti\AppData\Local\Programs\Python\Python311;C:\Users\ruti\AppData\Local\Programs\Python\Python311\Scripts;;D:\Eclipse\eclipse-rcp-oxygen-3a-win32-x86_64\eclipse;" />
    <property name="basedir" value="D:\Eclipse\WORKBENCH\WORKBENCH_GITHUB\ch.actifsource.example.maven\ch.actifsource.example.maven.unittest\ch.actifsource.example.unittest.model.test" />
    <property name="ant.java.version" value="1.8" />
    <property name="ant.core.lib" value="D:\Eclipse\eclipse-rcp-oxygen-3a-win32-x86_64\eclipse\plugins\org.apache.ant_1.10.1.v20170504-0840\lib\ant.jar" />
    <property name="env.USERNAME" value="ruti" />
    <property name="source" value="1.7" />
    <property name="env.SystemDrive" value="C:" />
    <property name="file.encoding" value="Cp1252" />
    <property name="env.USERDOMAIN" value="DESKTOP-F2H886T" />
    <property name="java.specification.version" value="1.8" />
    <property name="ant.project.invoked-targets" value="AllTests" />
    <property name="env.PROCESSOR_LEVEL" value="6" />
  </properties>
  <testcase classname="junit.framework.TestSuite$1" name="warning" time="0.004">
    <failure message="Exception in constructor: test_childSizeSelectorFunction (junit.framework.AssertionFailedError: workspace root directory unknown&#xd;&#xa;&#x9;at ch.actifsource.ui.junit.ActifsourceTestEnvironment.createException(ActifsourceTestEnvironment.java:61)&#xd;&#xa;&#x9;at ch.actifsource.platform.AbstractPlatformSystempropertyInitializer.createProjectManager(AbstractPlatformSystempropertyInitializer.java:70)&#xd;&#xa;&#x9;at ch.actifsource.platform.AbstractPlatformInitializer.&lt;init&gt;(AbstractPlatformInitializer.java:97)&#xd;&#xa;&#x9;at ch.actifsource.platform.AbstractPlatformSystempropertyInitializer.&lt;init&gt;(AbstractPlatformSystempropertyInitializer.java:58)&#xd;&#xa;&#x9;at ch.actifsource.ui.junit.ActifsourceTestEnvironment.&lt;init&gt;(ActifsourceTestEnvironment.java:31)&#xd;&#xa;&#x9;at ch.actifsource.ui.junit.SingleScopeTestCase$1.&lt;init&gt;(SingleScopeTestCase.java:78)&#xd;&#xa;&#x9;at ch.actifsource.ui.junit.SingleScopeTestCase.getOrCreateActifsourceTestEnvironment(SingleScopeTestCase.java:78)&#xd;&#xa;&#x9;at ch.actifsource.ui.junit.SingleScopeTestCase.&lt;init&gt;(SingleScopeTestCase.java:122)&#xd;&#xa;&#x9;at ch.actifsource.ui.junit.SingleScopeTestCase.&lt;init&gt;(SingleScopeTestCase.java:113)&#xd;&#xa;&#x9;at ch.actifsource.example.unittest.model.test.model.ChildTest.&lt;init&gt;(ChildTest.java:297)&#xd;&#xa;&#x9;at sun.reflect.NativeConstructorAccessorImpl.newInstance0(Native Method)&#xd;&#xa;&#x9;at sun.reflect.NativeConstructorAccessorImpl.newInstance(NativeConstructorAccessorImpl.java:62)&#xd;&#xa;&#x9;at sun.reflect.DelegatingConstructorAccessorImpl.newInstance(DelegatingConstructorAccessorImpl.java:45)&#xd;&#xa;&#x9;at java.lang.reflect.Constructor.newInstance(Constructor.java:423)&#xd;&#xa;&#x9;at junit.framework.TestSuite.createTest(TestSuite.java:60)&#xd;&#xa;&#x9;at junit.framework.TestSuite.addTestMethod(TestSuite.java:307)&#xd;&#xa;&#x9;at junit.framework.TestSuite.addTestsFromTestCase(TestSuite.java:150)&#xd;&#xa;&#x9;at junit.framework.TestSuite.&lt;init&gt;(TestSuite.java:129)&#xd;&#xa;&#x9;at junit.framework.TestSuite.addTestSuite(TestSuite.java:216)&#xd;&#xa;&#x9;at ch.actifsource.example.unittest.model.test.model.AllTests.suite(AllTests.java:10)&#xd;&#xa;&#x9;at ch.actifsource.example.unittest.model.test.AllTests.suite(AllTests.java:11)&#xd;&#xa;&#x9;at sun.reflect.NativeMethodAccessorImpl.invoke0(Native Method)&#xd;&#xa;&#x9;at sun.reflect.NativeMethodAccessorImpl.invoke(NativeMethodAccessorImpl.java:62)&#xd;&#xa;&#x9;at sun.reflect.DelegatingMethodAccessorImpl.invoke(DelegatingMethodAccessorImpl.java:43)&#xd;&#xa;&#x9;at java.lang.reflect.Method.invoke(Method.java:498)&#xd;&#xa;&#x9;at org.apache.tools.ant.taskdefs.optional.junit.JUnitTestRunner.run(JUnitTestRunner.java:405)&#xd;&#xa;&#x9;at org.apache.tools.ant.taskdefs.optional.junit.JUnitTestRunner.launch(JUnitTestRunner.java:1182)&#xd;&#xa;&#x9;at org.apache.tools.ant.taskdefs.optional.junit.JUnitTestRunner.main(JUnitTestRunner.java:1033)&#xd;&#xa;)" type="junit.framework.AssertionFailedError">junit.framework.AssertionFailedError: Exception in constructor: test_childSizeSelectorFunction (junit.framework.AssertionFailedError: workspace root directory unknown
	at ch.actifsource.ui.junit.ActifsourceTestEnvironment.createException(ActifsourceTestEnvironment.java:61)
	at ch.actifsource.platform.AbstractPlatformSystempropertyInitializer.createProjectManager(AbstractPlatformSystempropertyInitializer.java:70)
	at ch.actifsource.platform.AbstractPlatformInitializer.&lt;init&gt;(AbstractPlatformInitializer.java:97)
	at ch.actifsource.platform.AbstractPlatformSystempropertyInitializer.&lt;init&gt;(AbstractPlatformSystempropertyInitializer.java:58)
	at ch.actifsource.ui.junit.ActifsourceTestEnvironment.&lt;init&gt;(ActifsourceTestEnvironment.java:31)
	at ch.actifsource.ui.junit.SingleScopeTestCase$1.&lt;init&gt;(SingleScopeTestCase.java:78)
	at ch.actifsource.ui.junit.SingleScopeTestCase.getOrCreateActifsourceTestEnvironment(SingleScopeTestCase.java:78)
	at ch.actifsource.ui.junit.SingleScopeTestCase.&lt;init&gt;(SingleScopeTestCase.java:122)
	at ch.actifsource.ui.junit.SingleScopeTestCase.&lt;init&gt;(SingleScopeTestCase.java:113)
	at ch.actifsource.example.unittest.model.test.model.ChildTest.&lt;init&gt;(ChildTest.java:297)
	at java.lang.reflect.Constructor.newInstance(Constructor.java:423)
	at ch.actifsource.example.unittest.model.test.model.AllTests.suite(AllTests.java:10)
	at ch.actifsource.example.unittest.model.test.AllTests.suite(AllTests.java:11)
)
</failure>
  </testcase>
  <system-out><![CDATA[Loading ActifsourceTestEnvironment...
]]></system-out>
  <system-err><![CDATA[]]></system-err>
</testsuite>
